INFO http-nio-8080-exec-42 org.courses.web.filter.StaticResourceFilter - STATIC resources path to /ui/js/main.js
INFO http-nio-8080-exec-44 org.courses.web.filter.LocalizationCookiesFilter - LOCALE attribute ALREADY in session. en
INFO http-nio-8080-exec-44 org.courses.web.filter.LocalizationCookiesFilter - BUNDLE attribute ALREADY in session. messages
INFO http-nio-8080-exec-44 org.courses.web.filter.StaticResourceFilter - Do service, URI: /booking-hotel/ui/js/bootstrap-datepicker.js
INFO http-nio-8080-exec-43 org.courses.web.filter.LocalizationCookiesFilter - LOCALE attribute ALREADY in session. en
INFO http-nio-8080-exec-43 org.courses.web.filter.LocalizationCookiesFilter - BUNDLE attribute ALREADY in session. messages
INFO http-nio-8080-exec-43 org.courses.web.filter.StaticResourceFilter - Do service, URI: /booking-hotel/ui/js/aos.js
INFO http-nio-8080-exec-43 org.courses.web.filter.StaticResourceFilter - Reference path = /ui/js/aos.js
INFO http-nio-8080-exec-43 org.courses.web.filter.StaticResourceFilter - STATIC resources path to /ui/js/aos.js
INFO http-nio-8080-exec-44 org.courses.web.filter.StaticResourceFilter - Reference path = /ui/js/bootstrap-datepicker.js
INFO http-nio-8080-exec-44 org.courses.web.filter.StaticResourceFilter - STATIC resources path to /ui/js/bootstrap-datepicker.js
INFO http-nio-8080-exec-47 org.courses.web.filter.LocalizationCookiesFilter - LOCALE attribute ALREADY in session. en
INFO http-nio-8080-exec-47 org.courses.web.filter.LocalizationCookiesFilter - BUNDLE attribute ALREADY in session. messages
INFO http-nio-8080-exec-47 org.courses.web.filter.StaticResourceFilter - Do service, URI: /booking-hotel/ui/images/person_12.jpg
INFO http-nio-8080-exec-47 org.courses.web.filter.StaticResourceFilter - Reference path = /ui/images/person_12.jpg
INFO http-nio-8080-exec-47 org.courses.web.filter.StaticResourceFilter - STATIC resources path to /ui/images/person_12.jpg
INFO http-nio-8080-exec-49 org.courses.web.filter.LocalizationCookiesFilter - LOCALE attribute ALREADY in session. en
INFO http-nio-8080-exec-49 org.courses.web.filter.LocalizationCookiesFilter - BUNDLE attribute ALREADY in session. messages
INFO http-nio-8080-exec-49 org.courses.web.filter.StaticResourceFilter - Do service, URI: /booking-hotel/ui/images/person_11.jpeg
INFO http-nio-8080-exec-49 org.courses.web.filter.StaticResourceFilter - Reference path = /ui/images/person_11.jpeg
INFO http-nio-8080-exec-49 org.courses.web.filter.StaticResourceFilter - STATIC resources path to /ui/images/person_11.jpeg
INFO http-nio-8080-exec-40 org.courses.web.filter.LocalizationCookiesFilter - LOCALE attribute ALREADY in session. en
INFO http-nio-8080-exec-40 org.courses.web.filter.LocalizationCookiesFilter - BUNDLE attribute ALREADY in session. messages
INFO http-nio-8080-exec-40 org.courses.web.filter.StaticResourceFilter - Do service, URI: /booking-hotel/ui/images/person_10.png
INFO http-nio-8080-exec-40 org.courses.web.filter.StaticResourceFilter - Reference path = /ui/images/person_10.png
INFO http-nio-8080-exec-40 org.courses.web.filter.StaticResourceFilter - STATIC resources path to /ui/images/person_10.png
INFO http-nio-8080-exec-45 org.courses.web.filter.LocalizationCookiesFilter - LOCALE attribute ALREADY in session. en
INFO http-nio-8080-exec-45 org.courses.web.filter.LocalizationCookiesFilter - BUNDLE attribute ALREADY in session. messages
INFO http-nio-8080-exec-45 org.courses.web.filter.StaticResourceFilter - Do service, URI: /booking-hotel/ui/images/person_14.jpg
INFO http-nio-8080-exec-45 org.courses.web.filter.StaticResourceFilter - Reference path = /ui/images/person_14.jpg
INFO http-nio-8080-exec-45 org.courses.web.filter.StaticResourceFilter - STATIC resources path to /ui/images/person_14.jpg
INFO http-nio-8080-exec-41 org.courses.web.filter.LocalizationCookiesFilter - LOCALE attribute ALREADY in session. en
INFO http-nio-8080-exec-41 org.courses.web.filter.LocalizationCookiesFilter - BUNDLE attribute ALREADY in session. messages
INFO http-nio-8080-exec-41 org.courses.web.filter.StaticResourceFilter - Do service, URI: /booking-hotel/ui/images/sea-view-1.jpg
INFO http-nio-8080-exec-41 org.courses.web.filter.StaticResourceFilter - Reference path = /ui/images/sea-view-1.jpg
INFO http-nio-8080-exec-41 org.courses.web.filter.StaticResourceFilter - STATIC resources path to /ui/images/sea-view-1.jpg
INFO http-nio-8080-exec-46 org.courses.web.filter.LocalizationCookiesFilter - LOCALE attribute ALREADY in session. en
INFO http-nio-8080-exec-46 org.courses.web.filter.LocalizationCookiesFilter - BUNDLE attribute ALREADY in session. messages
INFO http-nio-8080-exec-46 org.courses.web.filter.StaticResourceFilter - Do service, URI: /booking-hotel/ui/js/popper.min.js.map
INFO http-nio-8080-exec-46 org.courses.web.filter.StaticResourceFilter - Reference path = /ui/js/popper.min.js.map
INFO http-nio-8080-exec-46 org.courses.web.filter.StaticResourceFilter - STATIC resources path to /ui/js/popper.min.js.map
INFO http-nio-8080-exec-42 org.courses.web.filter.LocalizationCookiesFilter - LOCALE attribute ALREADY in session. en
INFO http-nio-8080-exec-42 org.courses.web.filter.LocalizationCookiesFilter - BUNDLE attribute ALREADY in session. messages
INFO http-nio-8080-exec-42 org.courses.web.filter.StaticResourceFilter - Do service, URI: /booking-hotel/ui/js/bootstrap.min.js.map
INFO http-nio-8080-exec-42 org.courses.web.filter.StaticResourceFilter - Reference path = /ui/js/bootstrap.min.js.map
INFO http-nio-8080-exec-42 org.courses.web.filter.StaticResourceFilter - STATIC resources path to /ui/js/bootstrap.min.js.map
INFO http-nio-8080-exec-43 org.courses.web.filter.LocalizationCookiesFilter - LOCALE attribute ALREADY in session. en
INFO http-nio-8080-exec-43 org.courses.web.filter.LocalizationCookiesFilter - BUNDLE attribute ALREADY in session. messages
INFO http-nio-8080-exec-43 org.courses.web.filter.StaticResourceFilter - Do service, URI: /booking-hotel/ui/js/aos.js.map
INFO http-nio-8080-exec-43 org.courses.web.filter.StaticResourceFilter - Reference path = /ui/js/aos.js.map
INFO http-nio-8080-exec-43 org.courses.web.filter.StaticResourceFilter - STATIC resources path to /ui/js/aos.js.map
INFO http-nio-8080-exec-44 org.courses.web.filter.LocalizationCookiesFilter - LOCALE attribute ALREADY in session. en
INFO http-nio-8080-exec-44 org.courses.web.filter.LocalizationCookiesFilter - BUNDLE attribute ALREADY in session. messages
INFO http-nio-8080-exec-44 org.courses.web.filter.StaticResourceFilter - Do service, URI: /booking-hotel/ui/css/aos.css.map
INFO http-nio-8080-exec-44 org.courses.web.filter.StaticResourceFilter - Reference path = /ui/css/aos.css.map
INFO http-nio-8080-exec-44 org.courses.web.filter.StaticResourceFilter - STATIC resources path to /ui/css/aos.css.map
INFO http-nio-8080-exec-47 org.courses.web.filter.LocalizationCookiesFilter - LOCALE attribute ALREADY in session. en
INFO http-nio-8080-exec-47 org.courses.web.filter.LocalizationCookiesFilter - BUNDLE attribute ALREADY in session. messages
INFO http-nio-8080-exec-47 org.courses.web.filter.StaticResourceFilter - Do service, URI: /booking-hotel/ui/fonts/ionicons/fonts/ionicons.ttf
INFO http-nio-8080-exec-47 org.courses.web.filter.StaticResourceFilter - Reference path = /ui/fonts/ionicons/fonts/ionicons.ttf
INFO http-nio-8080-exec-49 org.courses.web.filter.LocalizationCookiesFilter - LOCALE attribute ALREADY in session. en
INFO http-nio-8080-exec-49 org.courses.web.filter.LocalizationCookiesFilter - BUNDLE attribute ALREADY in session. messages
INFO http-nio-8080-exec-47 org.courses.web.filter.StaticResourceFilter - STATIC resources path to /ui/fonts/ionicons/fonts/ionicons.ttf
INFO http-nio-8080-exec-49 org.courses.web.filter.StaticResourceFilter - Do service, URI: /booking-hotel/ui/fonts/fontawesome/fonts/fontawesome-webfont.woff2
INFO http-nio-8080-exec-49 org.courses.web.filter.StaticResourceFilter - Reference path = /ui/fonts/fontawesome/fonts/fontawesome-webfont.woff2
INFO http-nio-8080-exec-49 org.courses.web.filter.StaticResourceFilter - STATIC resources path to /ui/fonts/fontawesome/fonts/fontawesome-webfont.woff2
INFO http-nio-8080-exec-40 org.courses.web.filter.LocalizationCookiesFilter - LOCALE attribute ALREADY in session. en
INFO http-nio-8080-exec-40 org.courses.web.filter.LocalizationCookiesFilter - BUNDLE attribute ALREADY in session. messages
INFO http-nio-8080-exec-40 org.courses.web.filter.StaticResourceFilter - Do service, URI: /booking-hotel/
INFO http-nio-8080-exec-40 org.courses.web.filter.StaticResourceFilter - Reference path = /
INFO http-nio-8080-exec-40 org.courses.web.filter.StaticResourceFilter - NOT STATIC resources. Forward to /app/
INFO http-nio-8080-exec-40 org.courses.web.DispatcherServlet - Relative path /
INFO http-nio-8080-exec-40 org.courses.web.comand.CommandFactory - GET command org.courses.web.comand.HomeCommand@14e5ca44 for path /
INFO http-nio-8080-exec-40 org.courses.web.DispatcherServlet - Page is forward to /ui/index.jsp
INFO http-nio-8080-exec-45 org.courses.web.filter.LocalizationCookiesFilter - LOCALE attribute ALREADY in session. en
INFO http-nio-8080-exec-45 org.courses.web.filter.LocalizationCookiesFilter - BUNDLE attribute ALREADY in session. messages
INFO http-nio-8080-exec-45 org.courses.web.filter.StaticResourceFilter - Do service, URI: /booking-hotel/login-form
INFO http-nio-8080-exec-45 org.courses.web.filter.StaticResourceFilter - Reference path = /login-form
INFO http-nio-8080-exec-45 org.courses.web.filter.StaticResourceFilter - NOT STATIC resources. Forward to /app/login-form
INFO http-nio-8080-exec-45 org.courses.web.DispatcherServlet - Relative path /login-form
INFO http-nio-8080-exec-45 org.courses.web.comand.CommandFactory - GET command org.courses.web.comand.OpenLoginFormCommand@17e6309f for path /login-form
INFO http-nio-8080-exec-45 org.courses.web.DispatcherServlet - Page is forward to /ui/login-form.jsp
INFO http-nio-8080-exec-41 org.courses.web.filter.LocalizationCookiesFilter - LOCALE attribute ALREADY in session. en
INFO http-nio-8080-exec-41 org.courses.web.filter.LocalizationCookiesFilter - BUNDLE attribute ALREADY in session. messages
INFO http-nio-8080-exec-41 org.courses.web.filter.StaticResourceFilter - Do service, URI: /booking-hotel/ui/images/reception.jpg
INFO http-nio-8080-exec-41 org.courses.web.filter.StaticResourceFilter - Reference path = /ui/images/reception.jpg
INFO http-nio-8080-exec-41 org.courses.web.filter.StaticResourceFilter - STATIC resources path to /ui/images/reception.jpg
INFO http-nio-8080-exec-46 org.courses.web.filter.LocalizationCookiesFilter - LOCALE attribute ALREADY in session. en
INFO http-nio-8080-exec-46 org.courses.web.filter.LocalizationCookiesFilter - BUNDLE attribute ALREADY in session. messages
INFO http-nio-8080-exec-46 org.courses.web.filter.StaticResourceFilter - Do service, URI: /booking-hotel/ui/js/popper.min.js.map
INFO http-nio-8080-exec-42 org.courses.web.filter.LocalizationCookiesFilter - LOCALE attribute ALREADY in session. en
INFO http-nio-8080-exec-46 org.courses.web.filter.StaticResourceFilter - Reference path = /ui/js/popper.min.js.map
INFO http-nio-8080-exec-46 org.courses.web.filter.StaticResourceFilter - STATIC resources path to /ui/js/popper.min.js.map
INFO http-nio-8080-exec-42 org.courses.web.filter.LocalizationCookiesFilter - BUNDLE attribute ALREADY in session. messages
INFO http-nio-8080-exec-42 org.courses.web.filter.StaticResourceFilter - Do service, URI: /booking-hotel/ui/js/bootstrap.min.js.map
INFO http-nio-8080-exec-42 org.courses.web.filter.StaticResourceFilter - Reference path = /ui/js/bootstrap.min.js.map
INFO http-nio-8080-exec-42 org.courses.web.filter.StaticResourceFilter - STATIC resources path to /ui/js/bootstrap.min.js.map
INFO http-nio-8080-exec-43 org.courses.web.filter.LocalizationCookiesFilter - LOCALE attribute ALREADY in session. en
INFO http-nio-8080-exec-43 org.courses.web.filter.LocalizationCookiesFilter - BUNDLE attribute ALREADY in session. messages
INFO http-nio-8080-exec-43 org.courses.web.filter.StaticResourceFilter - Do service, URI: /booking-hotel/ui/js/aos.js.map
INFO http-nio-8080-exec-43 org.courses.web.filter.StaticResourceFilter - Reference path = /ui/js/aos.js.map
INFO http-nio-8080-exec-43 org.courses.web.filter.StaticResourceFilter - STATIC resources path to /ui/js/aos.js.map
INFO http-nio-8080-exec-44 org.courses.web.filter.LocalizationCookiesFilter - LOCALE attribute ALREADY in session. en
INFO http-nio-8080-exec-44 org.courses.web.filter.LocalizationCookiesFilter - BUNDLE attribute ALREADY in session. messages
INFO http-nio-8080-exec-44 org.courses.web.filter.StaticResourceFilter - Do service, URI: /booking-hotel/ui/css/aos.css.map
INFO http-nio-8080-exec-44 org.courses.web.filter.StaticResourceFilter - Reference path = /ui/css/aos.css.map
INFO http-nio-8080-exec-44 org.courses.web.filter.StaticResourceFilter - STATIC resources path to /ui/css/aos.css.map
INFO http-nio-8080-exec-47 org.courses.web.filter.LocalizationCookiesFilter - LOCALE attribute ALREADY in session. en
INFO http-nio-8080-exec-47 org.courses.web.filter.LocalizationCookiesFilter - BUNDLE attribute ALREADY in session. messages
INFO http-nio-8080-exec-47 org.courses.web.filter.StaticResourceFilter - Do service, URI: /booking-hotel/login-form
INFO http-nio-8080-exec-47 org.courses.web.filter.StaticResourceFilter - Reference path = /login-form
INFO http-nio-8080-exec-47 org.courses.web.filter.StaticResourceFilter - NOT STATIC resources. Forward to /app/login-form
INFO http-nio-8080-exec-47 org.courses.web.DispatcherServlet - Relative path /login-form
INFO http-nio-8080-exec-47 org.courses.web.comand.CommandFactory - GET command org.courses.web.comand.OpenLoginFormCommand@17e6309f for path /login-form
INFO http-nio-8080-exec-47 org.courses.web.DispatcherServlet - Page is forward to /ui/login-form.jsp
INFO http-nio-8080-exec-48 org.courses.web.filter.LocalizationCookiesFilter - LOCALE attribute ALREADY in session. en
INFO http-nio-8080-exec-48 org.courses.web.filter.LocalizationCookiesFilter - BUNDLE attribute ALREADY in session. messages
INFO http-nio-8080-exec-48 org.courses.web.filter.StaticResourceFilter - Do service, URI: /booking-hotel/logIn
INFO http-nio-8080-exec-48 org.courses.web.filter.StaticResourceFilter - Reference path = /logIn
INFO http-nio-8080-exec-48 org.courses.web.filter.StaticResourceFilter - NOT STATIC resources. Forward to /app/logIn
INFO http-nio-8080-exec-48 org.courses.web.DispatcherServlet - Relative path /logIn
INFO http-nio-8080-exec-48 org.courses.web.comand.CommandFactory - POST command org.courses.web.comand.LogInCommand@7d23e990 for path /logIn
INFO http-nio-8080-exec-48 org.courses.web.comand.LogInCommand - LogIn successfully
INFO http-nio-8080-exec-48 org.courses.web.DispatcherServlet - Page is redirect to /booking-hotel/ui/index.jsp
INFO http-nio-8080-exec-42 org.courses.web.filter.LocalizationCookiesFilter - LOCALE attribute ALREADY in session. en
INFO http-nio-8080-exec-42 org.courses.web.filter.LocalizationCookiesFilter - BUNDLE attribute ALREADY in session. messages
INFO http-nio-8080-exec-42 org.courses.web.filter.StaticResourceFilter - Do service, URI: /booking-hotel/ui/index.jsp
INFO http-nio-8080-exec-42 org.courses.web.filter.StaticResourceFilter - Reference path = /ui/index.jsp
INFO http-nio-8080-exec-42 org.courses.web.filter.StaticResourceFilter - STATIC resources path to /ui/index.jsp
INFO http-nio-8080-exec-44 org.courses.web.filter.LocalizationCookiesFilter - LOCALE attribute ALREADY in session. en
INFO http-nio-8080-exec-44 org.courses.web.filter.LocalizationCookiesFilter - BUNDLE attribute ALREADY in session. messages
INFO http-nio-8080-exec-44 org.courses.web.filter.StaticResourceFilter - Do service, URI: /booking-hotel/ui/index.jsp
INFO http-nio-8080-exec-44 org.courses.web.filter.StaticResourceFilter - Reference path = /ui/index.jsp
INFO http-nio-8080-exec-44 org.courses.web.filter.StaticResourceFilter - STATIC resources path to /ui/index.jsp
INFO http-nio-8080-exec-47 org.courses.web.filter.LocalizationCookiesFilter - LOCALE attribute ALREADY in session. en
INFO http-nio-8080-exec-47 org.courses.web.filter.LocalizationCookiesFilter - BUNDLE attribute ALREADY in session. messages
INFO http-nio-8080-exec-47 org.courses.web.filter.StaticResourceFilter - Do service, URI: /booking-hotel/logOut
INFO http-nio-8080-exec-47 org.courses.web.filter.StaticResourceFilter - Reference path = /logOut
INFO http-nio-8080-exec-47 org.courses.web.filter.StaticResourceFilter - NOT STATIC resources. Forward to /app/logOut
INFO http-nio-8080-exec-47 org.courses.web.DispatcherServlet - Relative path /logOut
INFO http-nio-8080-exec-47 org.courses.web.comand.CommandFactory - GET command org.courses.web.comand.LogOutCommand@17f0805f for path /logOut
INFO http-nio-8080-exec-47 org.courses.web.DispatcherServlet - Page is redirect to /booking-hotel/ui/index.jsp
INFO http-nio-8080-exec-49 org.courses.web.filter.LocalizationCookiesFilter - No LOCALE attribute in session. Send default locale
INFO http-nio-8080-exec-49 org.courses.web.filter.LocalizationCookiesFilter - No BUNDLE attribute in session. Send default bundle
INFO http-nio-8080-exec-49 org.courses.web.filter.StaticResourceFilter - Do service, URI: /booking-hotel/ui/index.jsp
INFO http-nio-8080-exec-49 org.courses.web.filter.StaticResourceFilter - Reference path = /ui/index.jsp
INFO http-nio-8080-exec-49 org.courses.web.filter.StaticResourceFilter - STATIC resources path to /ui/index.jsp
INFO http-nio-8080-exec-45 org.courses.web.filter.LocalizationCookiesFilter - LOCALE attribute ALREADY in session. en
INFO http-nio-8080-exec-45 org.courses.web.filter.LocalizationCookiesFilter - BUNDLE attribute ALREADY in session. messages
INFO http-nio-8080-exec-45 org.courses.web.filter.StaticResourceFilter - Do service, URI: /booking-hotel/ui/index.jsp
INFO http-nio-8080-exec-45 org.courses.web.filter.StaticResourceFilter - Reference path = /ui/index.jsp
INFO http-nio-8080-exec-45 org.courses.web.filter.StaticResourceFilter - STATIC resources path to /ui/index.jsp
INFO http-nio-8080-exec-41 org.courses.web.filter.LocalizationCookiesFilter - LOCALE attribute ALREADY in session. en
INFO http-nio-8080-exec-41 org.courses.web.filter.LocalizationCookiesFilter - BUNDLE attribute ALREADY in session. messages
INFO http-nio-8080-exec-41 org.courses.web.filter.StaticResourceFilter - Do service, URI: /booking-hotel/login-form
INFO http-nio-8080-exec-41 org.courses.web.filter.StaticResourceFilter - Reference path = /login-form
INFO http-nio-8080-exec-41 org.courses.web.filter.StaticResourceFilter - NOT STATIC resources. Forward to /app/login-form
INFO http-nio-8080-exec-41 org.courses.web.DispatcherServlet - Relative path /login-form
INFO http-nio-8080-exec-41 org.courses.web.comand.CommandFactory - GET command org.courses.web.comand.OpenLoginFormCommand@17e6309f for path /login-form
INFO http-nio-8080-exec-41 org.courses.web.DispatcherServlet - Page is forward to /ui/login-form.jsp
INFO http-nio-8080-exec-48 org.courses.web.filter.LocalizationCookiesFilter - LOCALE attribute ALREADY in session. en
INFO http-nio-8080-exec-48 org.courses.web.filter.LocalizationCookiesFilter - BUNDLE attribute ALREADY in session. messages
INFO http-nio-8080-exec-48 org.courses.web.filter.StaticResourceFilter - Do service, URI: /booking-hotel/login-form
INFO http-nio-8080-exec-48 org.courses.web.filter.StaticResourceFilter - Reference path = /login-form
INFO http-nio-8080-exec-48 org.courses.web.filter.StaticResourceFilter - NOT STATIC resources. Forward to /app/login-form
INFO http-nio-8080-exec-48 org.courses.web.DispatcherServlet - Relative path /login-form
INFO http-nio-8080-exec-48 org.courses.web.comand.CommandFactory - GET command org.courses.web.comand.OpenLoginFormCommand@17e6309f for path /login-form
INFO http-nio-8080-exec-48 org.courses.web.DispatcherServlet - Page is forward to /ui/login-form.jsp
INFO http-nio-8080-exec-42 org.courses.web.filter.LocalizationCookiesFilter - LOCALE attribute ALREADY in session. en
INFO http-nio-8080-exec-42 org.courses.web.filter.LocalizationCookiesFilter - BUNDLE attribute ALREADY in session. messages
INFO http-nio-8080-exec-42 org.courses.web.filter.StaticResourceFilter - Do service, URI: /booking-hotel/register-form
INFO http-nio-8080-exec-42 org.courses.web.filter.StaticResourceFilter - Reference path = /register-form
INFO http-nio-8080-exec-42 org.courses.web.filter.StaticResourceFilter - NOT STATIC resources. Forward to /app/register-form
INFO http-nio-8080-exec-42 org.courses.web.DispatcherServlet - Relative path /register-form
INFO http-nio-8080-exec-42 org.courses.web.comand.CommandFactory - GET command org.courses.web.comand.OpenRegisterFormCommand@27565318 for path /register-form
INFO http-nio-8080-exec-42 org.courses.web.DispatcherServlet - Page is forward to /ui/register-form.jsp
INFO http-nio-8080-exec-44 org.courses.web.filter.LocalizationCookiesFilter - LOCALE attribute ALREADY in session. en
INFO http-nio-8080-exec-44 org.courses.web.filter.LocalizationCookiesFilter - BUNDLE attribute ALREADY in session. messages
INFO http-nio-8080-exec-44 org.courses.web.filter.StaticResourceFilter - Do service, URI: /booking-hotel/register-form
INFO http-nio-8080-exec-44 org.courses.web.filter.StaticResourceFilter - Reference path = /register-form
INFO http-nio-8080-exec-44 org.courses.web.filter.StaticResourceFilter - NOT STATIC resources. Forward to /app/register-form
INFO http-nio-8080-exec-44 org.courses.web.DispatcherServlet - Relative path /register-form
INFO http-nio-8080-exec-44 org.courses.web.comand.CommandFactory - GET command org.courses.web.comand.OpenRegisterFormCommand@27565318 for path /register-form
INFO http-nio-8080-exec-44 org.courses.web.DispatcherServlet - Page is forward to /ui/register-form.jsp
INFO http-nio-8080-exec-45 org.courses.web.filter.LocalizationCookiesFilter - LOCALE attribute ALREADY in session. en
INFO http-nio-8080-exec-45 org.courses.web.filter.LocalizationCookiesFilter - BUNDLE attribute ALREADY in session. messages
INFO http-nio-8080-exec-45 org.courses.web.filter.StaticResourceFilter - Do service, URI: /booking-hotel/
INFO http-nio-8080-exec-45 org.courses.web.filter.StaticResourceFilter - Reference path = /
INFO http-nio-8080-exec-45 org.courses.web.filter.StaticResourceFilter - NOT STATIC resources. Forward to /app/
INFO http-nio-8080-exec-45 org.courses.web.DispatcherServlet - Relative path /
INFO http-nio-8080-exec-45 org.courses.web.comand.CommandFactory - GET command org.courses.web.comand.HomeCommand@14e5ca44 for path /
INFO http-nio-8080-exec-45 org.courses.web.DispatcherServlet - Page is forward to /ui/index.jsp
INFO http-nio-8080-exec-46 org.courses.web.filter.LocalizationCookiesFilter - LOCALE attribute ALREADY in session. en
INFO http-nio-8080-exec-46 org.courses.web.filter.LocalizationCookiesFilter - BUNDLE attribute ALREADY in session. messages
INFO http-nio-8080-exec-46 org.courses.web.filter.StaticResourceFilter - Do service, URI: /booking-hotel/
INFO http-nio-8080-exec-46 org.courses.web.filter.StaticResourceFilter - Reference path = /
INFO http-nio-8080-exec-46 org.courses.web.filter.StaticResourceFilter - NOT STATIC resources. Forward to /app/
INFO http-nio-8080-exec-46 org.courses.web.DispatcherServlet - Relative path /
INFO http-nio-8080-exec-46 org.courses.web.comand.CommandFactory - GET command org.courses.web.comand.HomeCommand@14e5ca44 for path /
INFO http-nio-8080-exec-46 org.courses.web.DispatcherServlet - Page is forward to /ui/index.jsp
INFO http-nio-8080-exec-48 org.courses.web.filter.LocalizationCookiesFilter - LOCALE attribute ALREADY in session. en
INFO http-nio-8080-exec-48 org.courses.web.filter.LocalizationCookiesFilter - BUNDLE attribute ALREADY in session. messages
INFO http-nio-8080-exec-48 org.courses.web.filter.StaticResourceFilter - Do service, URI: /booking-hotel/check-availabilty
INFO http-nio-8080-exec-48 org.courses.web.filter.StaticResourceFilter - Reference path = /check-availabilty
INFO http-nio-8080-exec-48 org.courses.web.filter.StaticResourceFilter - NOT STATIC resources. Forward to /app/check-availabilty
INFO http-nio-8080-exec-48 org.courses.web.DispatcherServlet - Relative path /check-availabilty
INFO http-nio-8080-exec-48 org.courses.web.comand.CommandFactory - GET command org.courses.web.comand.CheckAvailabiltyCommand@16d1d453 for path /check-availabilty
INFO http-nio-8080-exec-48 org.courses.web.DispatcherServlet - Page is forward to /ui/check-availabilty.jsp
INFO http-nio-8080-exec-42 org.courses.web.filter.LocalizationCookiesFilter - LOCALE attribute ALREADY in session. en
INFO http-nio-8080-exec-42 org.courses.web.filter.LocalizationCookiesFilter - BUNDLE attribute ALREADY in session. messages
INFO http-nio-8080-exec-42 org.courses.web.filter.StaticResourceFilter - Do service, URI: /booking-hotel/check-availabilty
INFO http-nio-8080-exec-42 org.courses.web.filter.StaticResourceFilter - Reference path = /check-availabilty
INFO http-nio-8080-exec-42 org.courses.web.filter.StaticResourceFilter - NOT STATIC resources. Forward to /app/check-availabilty
INFO http-nio-8080-exec-42 org.courses.web.DispatcherServlet - Relative path /check-availabilty
INFO http-nio-8080-exec-42 org.courses.web.comand.CommandFactory - GET command org.courses.web.comand.CheckAvailabiltyCommand@16d1d453 for path /check-availabilty
INFO http-nio-8080-exec-42 org.courses.web.DispatcherServlet - Page is forward to /ui/check-availabilty.jsp
INFO http-nio-8080-exec-51 org.courses.web.filter.LocalizationCookiesFilter - No LOCALE attribute in session. Send default locale
INFO http-nio-8080-exec-51 org.courses.web.filter.LocalizationCookiesFilter - No BUNDLE attribute in session. Send default bundle
INFO http-nio-8080-exec-51 org.courses.web.filter.StaticResourceFilter - Do service, URI: /booking-hotel/ui/check-availabilty.jsp
INFO http-nio-8080-exec-51 org.courses.web.filter.StaticResourceFilter - Reference path = /ui/check-availabilty.jsp
INFO http-nio-8080-exec-51 org.courses.web.filter.StaticResourceFilter - STATIC resources path to /ui/check-availabilty.jsp
INFO http-nio-8080-exec-55 org.courses.web.filter.LocalizationCookiesFilter - LOCALE attribute ALREADY in session. en
INFO http-nio-8080-exec-55 org.courses.web.filter.LocalizationCookiesFilter - BUNDLE attribute ALREADY in session. messages
INFO http-nio-8080-exec-55 org.courses.web.filter.StaticResourceFilter - Do service, URI: /booking-hotel/ui/js/jquery-3.3.1.min.js
INFO http-nio-8080-exec-55 org.courses.web.filter.StaticResourceFilter - Reference path = /ui/js/jquery-3.3.1.min.js
INFO http-nio-8080-exec-55 org.courses.web.filter.StaticResourceFilter - STATIC resources path to /ui/js/jquery-3.3.1.min.js
INFO http-nio-8080-exec-50 org.courses.web.filter.LocalizationCookiesFilter - LOCALE attribute ALREADY in session. en
INFO http-nio-8080-exec-50 org.courses.web.filter.LocalizationCookiesFilter - BUNDLE attribute ALREADY in session. messages
INFO http-nio-8080-exec-50 org.courses.web.filter.StaticResourceFilter - Do service, URI: /booking-hotel/ui/js/jquery-migrate-3.0.1.min.js
INFO http-nio-8080-exec-50 org.courses.web.filter.StaticResourceFilter - Reference path = /ui/js/jquery-migrate-3.0.1.min.js
INFO http-nio-8080-exec-50 org.courses.web.filter.StaticResourceFilter - STATIC resources path to /ui/js/jquery-migrate-3.0.1.min.js
INFO http-nio-8080-exec-43 org.courses.web.filter.LocalizationCookiesFilter - LOCALE attribute ALREADY in session. en
INFO http-nio-8080-exec-49 org.courses.web.filter.LocalizationCookiesFilter - LOCALE attribute ALREADY in session. en
INFO http-nio-8080-exec-49 org.courses.web.filter.LocalizationCookiesFilter - BUNDLE attribute ALREADY in session. messages
INFO http-nio-8080-exec-43 org.courses.web.filter.LocalizationCookiesFilter - BUNDLE attribute ALREADY in session. messages
INFO http-nio-8080-exec-41 org.courses.web.filter.LocalizationCookiesFilter - LOCALE attribute ALREADY in session. en
INFO http-nio-8080-exec-53 org.courses.web.filter.LocalizationCookiesFilter - LOCALE attribute ALREADY in session. en
INFO http-nio-8080-exec-44 org.courses.web.filter.LocalizationCookiesFilter - LOCALE attribute ALREADY in session. en
INFO http-nio-8080-exec-53 org.courses.web.filter.LocalizationCookiesFilter - BUNDLE attribute ALREADY in session. messages
INFO http-nio-8080-exec-53 org.courses.web.filter.StaticResourceFilter - Do service, URI: /booking-hotel/ui/js/bootstrap.min.js
INFO http-nio-8080-exec-41 org.courses.web.filter.LocalizationCookiesFilter - BUNDLE attribute ALREADY in session. messages
INFO http-nio-8080-exec-41 org.courses.web.filter.StaticResourceFilter - Do service, URI: /booking-hotel/ui/js/jquery.fancybox.min.js
INFO http-nio-8080-exec-43 org.courses.web.filter.StaticResourceFilter - Do service, URI: /booking-hotel/ui/js/jquery.stellar.min.js
INFO http-nio-8080-exec-43 org.courses.web.filter.StaticResourceFilter - Reference path = /ui/js/jquery.stellar.min.js
INFO http-nio-8080-exec-49 org.courses.web.filter.StaticResourceFilter - Do service, URI: /booking-hotel/ui/js/popper.min.js
INFO http-nio-8080-exec-49 org.courses.web.filter.StaticResourceFilter - Reference path = /ui/js/popper.min.js
INFO http-nio-8080-exec-49 org.courses.web.filter.StaticResourceFilter - STATIC resources path to /ui/js/popper.min.js
INFO http-nio-8080-exec-43 org.courses.web.filter.StaticResourceFilter - STATIC resources path to /ui/js/jquery.stellar.min.js
INFO http-nio-8080-exec-41 org.courses.web.filter.StaticResourceFilter - Reference path = /ui/js/jquery.fancybox.min.js
INFO http-nio-8080-exec-41 org.courses.web.filter.StaticResourceFilter - STATIC resources path to /ui/js/jquery.fancybox.min.js
INFO http-nio-8080-exec-53 org.courses.web.filter.StaticResourceFilter - Reference path = /ui/js/bootstrap.min.js
INFO http-nio-8080-exec-44 org.courses.web.filter.LocalizationCookiesFilter - BUNDLE attribute ALREADY in session. messages
INFO http-nio-8080-exec-53 org.courses.web.filter.StaticResourceFilter - STATIC resources path to /ui/js/bootstrap.min.js
INFO http-nio-8080-exec-54 org.courses.web.filter.LocalizationCookiesFilter - LOCALE attribute ALREADY in session. en
INFO http-nio-8080-exec-44 org.courses.web.filter.StaticResourceFilter - Do service, URI: /booking-hotel/ui/js/owl.carousel.min.js
INFO http-nio-8080-exec-54 org.courses.web.filter.LocalizationCookiesFilter - BUNDLE attribute ALREADY in session. messages
INFO http-nio-8080-exec-44 org.courses.web.filter.StaticResourceFilter - Reference path = /ui/js/owl.carousel.min.js
INFO http-nio-8080-exec-54 org.courses.web.filter.StaticResourceFilter - Do service, URI: /booking-hotel/ui/js/jquery.easing.1.3.js
INFO http-nio-8080-exec-44 org.courses.web.filter.StaticResourceFilter - STATIC resources path to /ui/js/owl.carousel.min.js
INFO http-nio-8080-exec-54 org.courses.web.filter.StaticResourceFilter - Reference path = /ui/js/jquery.easing.1.3.js
INFO http-nio-8080-exec-54 org.courses.web.filter.StaticResourceFilter - STATIC resources path to /ui/js/jquery.easing.1.3.js
INFO http-nio-8080-exec-52 org.courses.web.filter.LocalizationCookiesFilter - LOCALE attribute ALREADY in session. en
INFO http-nio-8080-exec-51 org.courses.web.filter.LocalizationCookiesFilter - LOCALE attribute ALREADY in session. en
INFO http-nio-8080-exec-51 org.courses.web.filter.LocalizationCookiesFilter - BUNDLE attribute ALREADY in session. messages
INFO http-nio-8080-exec-51 org.courses.web.filter.StaticResourceFilter - Do service, URI: /booking-hotel/ui/js/bootstrap-datepicker.js
INFO http-nio-8080-exec-51 org.courses.web.filter.StaticResourceFilter - Reference path = /ui/js/bootstrap-datepicker.js
INFO http-nio-8080-exec-51 org.courses.web.filter.StaticResourceFilter - STATIC resources path to /ui/js/bootstrap-datepicker.js
INFO http-nio-8080-exec-55 org.courses.web.filter.LocalizationCookiesFilter - LOCALE attribute ALREADY in session. en
INFO http-nio-8080-exec-55 org.courses.web.filter.LocalizationCookiesFilter - BUNDLE attribute ALREADY in session. messages
INFO http-nio-8080-exec-52 org.courses.web.filter.LocalizationCookiesFilter - BUNDLE attribute ALREADY in session. messages
INFO http-nio-8080-exec-55 org.courses.web.filter.StaticResourceFilter - Do service, URI: /booking-hotel/ui/js/jquery.timepicker.min.js
INFO http-nio-8080-exec-50 org.courses.web.filter.LocalizationCookiesFilter - LOCALE attribute ALREADY in session. en
INFO http-nio-8080-exec-50 org.courses.web.filter.LocalizationCookiesFilter - BUNDLE attribute ALREADY in session. messages
INFO http-nio-8080-exec-55 org.courses.web.filter.StaticResourceFilter - Reference path = /ui/js/jquery.timepicker.min.js
INFO http-nio-8080-exec-55 org.courses.web.filter.StaticResourceFilter - STATIC resources path to /ui/js/jquery.timepicker.min.js
INFO http-nio-8080-exec-52 org.courses.web.filter.StaticResourceFilter - Do service, URI: /booking-hotel/ui/js/aos.js
INFO http-nio-8080-exec-50 org.courses.web.filter.StaticResourceFilter - Do service, URI: /booking-hotel/ui/js/main.js
INFO http-nio-8080-exec-52 org.courses.web.filter.StaticResourceFilter - Reference path = /ui/js/aos.js
INFO http-nio-8080-exec-52 org.courses.web.filter.StaticResourceFilter - STATIC resources path to /ui/js/aos.js
INFO http-nio-8080-exec-50 org.courses.web.filter.StaticResourceFilter - Reference path = /ui/js/main.js
INFO http-nio-8080-exec-50 org.courses.web.filter.StaticResourceFilter - STATIC resources path to /ui/js/main.js
INFO http-nio-8080-exec-43 org.courses.web.filter.LocalizationCookiesFilter - LOCALE attribute ALREADY in session. en
INFO http-nio-8080-exec-43 org.courses.web.filter.LocalizationCookiesFilter - BUNDLE attribute ALREADY in session. messages
INFO http-nio-8080-exec-43 org.courses.web.filter.StaticResourceFilter - Do service, URI: /booking-hotel/ui/images/room1/room1_img1.jpg
INFO http-nio-8080-exec-43 org.courses.web.filter.StaticResourceFilter - Reference path = /ui/images/room1/room1_img1.jpg
INFO http-nio-8080-exec-43 org.courses.web.filter.StaticResourceFilter - STATIC resources path to /ui/images/room1/room1_img1.jpg
INFO http-nio-8080-exec-41 org.courses.web.filter.LocalizationCookiesFilter - LOCALE attribute ALREADY in session. en
INFO http-nio-8080-exec-41 org.courses.web.filter.LocalizationCookiesFilter - BUNDLE attribute ALREADY in session. messages
INFO http-nio-8080-exec-41 org.courses.web.filter.StaticResourceFilter - Do service, URI: /booking-hotel/ui/check-availabilty.jsp
INFO http-nio-8080-exec-41 org.courses.web.filter.StaticResourceFilter - Reference path = /ui/check-availabilty.jsp
INFO http-nio-8080-exec-41 org.courses.web.filter.StaticResourceFilter - STATIC resources path to /ui/check-availabilty.jsp
